<?xml version="1.0" encoding="UTF-8"?>
<!-- Generated by org.testng.reporters.JUnitReportReporter -->
<testsuite hostname="DESKTOP-9O8U9LO" failures="0" tests="1" name="test.NewTest" time="0.005" errors="0" timestamp="2023-11-03T19:56:32 BOT" skipped="0">
  <testcase classname="test.NewTest" name="f" time="0.005"/>
</testsuite> <!-- test.NewTest -->
